0 silly argv {
0 silly argv   _: [ 'version' ],
0 silly argv   'conventional-commits': true,
0 silly argv   conventionalCommits: true,
0 silly argv   yes: true,
0 silly argv   y: true,
0 silly argv   lernaVersion: '4.0.0',
0 silly argv   '$0': 'node_modules/.bin/lerna'
0 silly argv }
1 notice cli v4.0.0
2 verbose rootPath /home/juancastro/try-lerna
3 info versioning independent
4 silly isAnythingCommitted
5 verbose isAnythingCommitted 1
6 silly getCurrentBranch
7 verbose currentBranch master
8 silly remoteBranchExists
9 silly isBehindUpstream
10 silly isBehindUpstream master is behind origin/master by 0 commit(s) and ahead by 1
11 silly hasTags
12 verbose hasTags true
13 silly git-describe.sync "@lernaworkshop/common@1.2.1-1-g209649b" => {"lastTagName":"@lernaworkshop/common@1.2.1","lastVersion":"1.2.1","refCount":"1","sha":"209649b","isDirty":false}
14 info Looking for changed packages since @lernaworkshop/common@1.2.1
15 silly checking diff packages/common
16 silly no diff found in @lernaworkshop/common
17 silly checking diff packages/server-react-v2
18 silly no diff found in server-react2
19 silly checking diff packages/server-react
20 silly no diff found in server-react
21 silly checking diff packages/server
22 silly found diff in packages/server/package.json
23 verbose filtered diff [ 'packages/server/package.json' ]
24 verbose updated @lernaworkshop/server
25 verbose git-describe undefined => "@lernaworkshop/common@1.2.1-1-g209649b"
26 silly git-describe parsed => {"lastTagName":"@lernaworkshop/common@1.2.1","lastVersion":"1.2.1","refCount":"1","sha":"209649b","isDirty":false}
27 silly independent for @lernaworkshop/server at /home/juancastro/try-lerna/packages/server
28 verbose getChangelogConfig using preset "conventional-changelog-angular"
29 silly npa Result {
29 silly npa   type: 'tag',
29 silly npa   registry: true,
29 silly npa   where: undefined,
29 silly npa   raw: 'conventional-changelog-angular',
29 silly npa   name: 'conventional-changelog-angular',
29 silly npa   escapedName: 'conventional-changelog-angular',
29 silly npa   scope: undefined,
29 silly npa   rawSpec: '',
29 silly npa   saveSpec: null,
29 silly npa   fetchSpec: 'latest',
29 silly npa   gitRange: undefined,
29 silly npa   gitCommittish: undefined,
29 silly npa   hosted: undefined
29 silly npa }
30 verbose getChangelogConfig Attempting to resolve preset "conventional-changelog-angular"
31 info getChangelogConfig Successfully resolved preset "conventional-changelog-angular"
32 verbose independent increment 1.1.8 by patch
33 info auto-confirmed
34 info execute Skipping releases
35 warn lifecycle Skipping root "preversion" because it has already been called
36 silly lifecycle No script for "preversion" in "@lernaworkshop/server", continuing
37 silly lifecycle No script for "version" in "@lernaworkshop/server", continuing
38 silly independent for @lernaworkshop/server at /home/juancastro/try-lerna/packages/server
39 silly independent writing new entry: "## [1.1.9](https://github.com/Khaos93/lerna-example/compare/@lernaworkshop/server@1.1.9...@lernaworkshop/server@1.1.9) (2022-01-06)\n\n**Note:** Version bump only for package @lernaworkshop/server\n\n\n\n"
40 verbose independent wrote /home/juancastro/try-lerna/packages/server/CHANGELOG.md
41 warn lifecycle Skipping root "version" because it has already been called
42 silly gitAdd [
42 silly gitAdd   'packages/server/package.json',
42 silly gitAdd   'packages/server/package-lock.json',
42 silly gitAdd   'packages/server/CHANGELOG.md'
42 silly gitAdd ]
43 silly gitCommit Publish
43 silly gitCommit
43 silly gitCommit  - @lernaworkshop/server@1.1.9
44 verbose git [
44 verbose git   'commit',
44 verbose git   '-F',
44 verbose git   '/tmp/a63d6dbb-dd1d-49ba-9ff2-eeed231aa5aa/lerna-commit.txt'
44 verbose git ]
45 silly gitTag @lernaworkshop/server@1.1.9
46 verbose git [
46 verbose git   'tag',
46 verbose git   '@lernaworkshop/server@1.1.9',
46 verbose git   '-m',
46 verbose git   '@lernaworkshop/server@1.1.9'
46 verbose git ]
47 error Error: Command failed with exit code 128: git tag @lernaworkshop/server@1.1.9 -m @lernaworkshop/server@1.1.9
47 error fatal: tag '@lernaworkshop/server@1.1.9' already exists
47 error     at makeError (/home/juancastro/try-lerna/node_modules/execa/lib/error.js:60:11)
47 error     at handlePromise (/home/juancastro/try-lerna/node_modules/execa/index.js:118:26)
47 error     at processTicksAndRejections (internal/process/task_queues.js:97:5)
47 error     at async Promise.all (index 0)
47 error     at async Promise.all (index 0)
